#
# There is insufficient memory for the Java Runtime Environment to continue.
# Native memory allocation (mmap) failed to map 65536 bytes for Failed to commit metaspace.
# Possible reasons:
#   The system is out of physical RAM or swap space
#   The process is running with CompressedOops enabled, and the Java Heap may be blocking the growth of the native heap
# Possible solutions:
#   Reduce memory load on the system
#   Increase physical memory or swap space
#   Check if swap backing store is full
#   Decrease Java heap size (-Xmx/-Xms)
#   Decrease number of Java threads
#   Decrease Java thread stack sizes (-Xss)
#   Set larger code cache with -XX:ReservedCodeCacheSize=
#   JVM is running with Unscaled Compressed Oops mode in which the Java heap is
#     placed in the first 4GB address space. The Java Heap base address is the
#     maximum limit for the native heap growth. Please use -XX:HeapBaseMinAddress
#     to set the Java Heap base and to place the Java Heap above 4GB virtual address.
# This output file may be truncated or incomplete.
#
#  Out of Memory Error (virtualSpaceNode.cpp:108), pid=13420, tid=13440
#
# JRE version: OpenJDK Runtime Environment (16.0.2+7) (build 16.0.2+7-67)
# Java VM: OpenJDK 64-Bit Server VM (16.0.2+7-67, mixed mode, tiered, compressed oops, compressed class ptrs, g1 gc, windows-amd64)
# No core dump will be written. Minidumps are not enabled by default on client versions of Windows
#

---------------  S U M M A R Y ------------

Command Line: -Dfile.encoding=Cp1252 -XX:+ShowCodeDetailsInExceptionMessages VentaDeCelulares

Host: AMD A4-4000 APU with Radeon(tm) HD Graphics    , 2 cores, 3G,  Windows 7 , 64 bit Build 7601 (6.1.7601.24545)
Time: Thu Sep 30 19:14:57 2021 Hora estándar de Argentina elapsed time: 4.532719 seconds (0d 0h 0m 4s)

---------------  T H R E A D  ---------------

Current thread (0x00000000003a90a0):  JavaThread "main" [_thread_in_vm, id=13440, stack(0x0000000002200000,0x0000000002300000)]

Stack: [0x0000000002200000,0x0000000002300000]
Native frames: (J=compiled Java code, j=interpreted, Vv=VM code, C=native code)
V  [jvm.dll+0x6681ca]
V  [jvm.dll+0x7c9e69]
V  [jvm.dll+0x7cb61e]
V  [jvm.dll+0x7cbc73]
V  [jvm.dll+0x242c55]
V  [jvm.dll+0x7c64eb]
V  [jvm.dll+0x60ddd6]
V  [jvm.dll+0x1be6ce]
V  [jvm.dll+0x610531]
V  [jvm.dll+0x60e6d1]
V  [jvm.dll+0x2406bc]
V  [jvm.dll+0x6bf02d]
V  [jvm.dll+0x6bfa4f]
V  [jvm.dll+0x367023]
V  [jvm.dll+0x366252]
V  [jvm.dll+0x3661f8]
V  [jvm.dll+0x37556d]
C  0x0000000005c7c1c0

Java frames: (J=compiled Java code, j=interpreted, Vv=VM code)
j  javax.swing.JScrollPane.createVerticalScrollBar()Ljavax/swing/JScrollBar;+0 java.desktop@16.0.2
j  javax.swing.JScrollPane.<init>(Ljava/awt/Component;II)V+52 java.desktop@16.0.2
j  javax.swing.plaf.basic.BasicComboPopup.createScroller()Ljavax/swing/JScrollPane;+12 java.desktop@16.0.2
j  javax.swing.plaf.basic.BasicComboPopup.<init>(Ljavax/swing/JComboBox;)V+69 java.desktop@16.0.2
j  javax.swing.plaf.basic.BasicComboBoxUI.createPopup()Ljavax/swing/plaf/basic/ComboPopup;+8 java.desktop@16.0.2
j  javax.swing.plaf.metal.MetalComboBoxUI.createPopup()Ljavax/swing/plaf/basic/ComboPopup;+1 java.desktop@16.0.2
j  javax.swing.plaf.basic.BasicComboBoxUI.installUI(Ljavax/swing/JComponent;)V+21 java.desktop@16.0.2
j  javax.swing.JComponent.setUI(Ljavax/swing/plaf/ComponentUI;)V+52 java.desktop@16.0.2
j  javax.swing.JComboBox.setUI(Ljavax/swing/plaf/ComboBoxUI;)V+2 java.desktop@16.0.2
j  javax.swing.JComboBox.updateUI()V+20 java.desktop@16.0.2
j  javax.swing.JComboBox.init()V+15 java.desktop@16.0.2
j  javax.swing.JComboBox.<init>()V+60 java.desktop@16.0.2
j  VentaDeCelulares.<init>()V+253
j  VentaDeCelulares.main([Ljava/lang/String;)V+4
v  ~StubRoutines::call_stub

---------------  P R O C E S S  ---------------

Threads class SMR info:
_java_thread_list=0x000000001b7e6bd0, length=15, elements={
0x00000000003a90a0, 0x0000000019bd0030, 0x0000000019bd0e80, 0x0000000019c026c0,
0x0000000019c05130, 0x0000000019c06a40, 0x0000000019c12970, 0x0000000019c149b0,
0x0000000019c15300, 0x0000000019c1a040, 0x000000001b54ed70, 0x000000001b559580,
0x000000001b7ed3d0, 0x000000001b7ed8f0, 0x000000001b7ede10
}

Java Threads: ( => current thread )
=>0x00000000003a90a0 JavaThread "main" [_thread_in_vm, id=13440, stack(0x0000000002200000,0x0000000002300000)]
  0x0000000019bd0030 JavaThread "Reference Handler" daemon [_thread_blocked, id=13480, stack(0x000000001a840000,0x000000001a940000)]
  0x0000000019bd0e80 JavaThread "Finalizer" daemon [_thread_blocked, id=13488, stack(0x000000001aae0000,0x000000001abe0000)]
  0x0000000019c026c0 JavaThread "Signal Dispatcher" daemon [_thread_blocked, id=13492, stack(0x000000001acf0000,0x000000001adf0000)]
  0x0000000019c05130 JavaThread "Attach Listener" daemon [_thread_blocked, id=13496, stack(0x000000001aee0000,0x000000001afe0000)]
  0x0000000019c06a40 JavaThread "Service Thread" daemon [_thread_blocked, id=13448, stack(0x000000001b0a0000,0x000000001b1a0000)]
  0x0000000019c12970 JavaThread "Monitor Deflation Thread" daemon [_thread_blocked, id=12620, stack(0x000000001b1d0000,0x000000001b2d0000)]
  0x0000000019c149b0 JavaThread "C2 CompilerThread0" daemon [_thread_blocked, id=10936, stack(0x000000001b2f0000,0x000000001b3f0000)]
  0x0000000019c15300 JavaThread "C1 CompilerThread0" daemon [_thread_blocked, id=13500, stack(0x000000001b400000,0x000000001b500000)]
  0x0000000019c1a040 JavaThread "Sweeper thread" daemon [_thread_blocked, id=13528, stack(0x000000001a9c0000,0x000000001aac0000)]
  0x000000001b54ed70 JavaThread "Notification Thread" daemon [_thread_blocked, id=12328, stack(0x000000001ba60000,0x000000001bb60000)]
  0x000000001b559580 JavaThread "Common-Cleaner" daemon [_thread_blocked, id=13568, stack(0x000000001b950000,0x000000001ba50000)]
  0x000000001b7ed3d0 JavaThread "Java2D Disposer" daemon [_thread_blocked, id=13664, stack(0x000000001be60000,0x000000001bf60000)]
  0x000000001b7ed8f0 JavaThread "AWT-Shutdown" [_thread_in_vm, id=13668, stack(0x000000001bcd0000,0x000000001bdd0000)]
  0x000000001b7ede10 JavaThread "AWT-Windows" daemon [_thread_in_native, id=13620, stack(0x000000001bf60000,0x000000001c060000)]

Other Threads:
  0x0000000019bc40c0 VMThread "VM Thread" [stack: 0x0000000019e30000,0x0000000019f30000] [id=13484] _threads_hazard_ptr=0x000000001b7e6bd0
  0x000000001b551290 WatcherThread [stack: 0x000000001bbb0000,0x000000001bcb0000] [id=13388]
  0x00000000003dcb00 GCTaskThread "GC Thread#0" [stack: 0x0000000017100000,0x0000000017200000] [id=12844]
  0x00000000003e75d0 ConcurrentGCThread "G1 Main Marker" [stack: 0x00000000172f0000,0x00000000173f0000] [id=13444]
  0x00000000003ea370 ConcurrentGCThread "G1 Conc#0" [stack: 0x00000000174e0000,0x00000000175e0000] [id=13308]
  0x0000000000429b90 ConcurrentGCThread "G1 Refine#0" [stack: 0x0000000019800000,0x0000000019900000] [id=13452]
  0x000000000042e420 ConcurrentGCThread "G1 Service" [stack: 0x0000000019930000,0x0000000019a30000] [id=13460]

Threads with active compile tasks:

VM state: synchronizing (normal execution)

VM Mutex/Monitor currently owned by a thread:  ([mutex/lock_event])
[0x00000000003a4180] MetaspaceExpand_lock - owner thread: 0x00000000003a90a0
[0x00000000003a4f00] Threads_lock - owner thread: 0x0000000019bc40c0

Heap address: 0x00000000c8a00000, size: 886 MB, Compressed Oops mode: 32-bit

CDS disabled.
Compressed class space mapped at: 0x0000000080000000-0x00000000c0000000, reserved size: 1073741824
Narrow klass base: 0x0000000000000000, Narrow klass shift: 0, Narrow klass range: 0xc0000000

GC Precious Log:
 CPUs: 2 total, 2 available
 Memory: 3539M
 Large Page Support: Disabled
 NUMA Support: Disabled
 Compressed Oops: Enabled (32-bit)
 Heap Region Size: 1M
 Heap Min Capacity: 8M
 Heap Initial Capacity: 56M
 Heap Max Capacity: 886M
 Pre-touch: Disabled
 Parallel Workers: 2
 Concurrent Workers: 1
 Concurrent Refinement Workers: 2
 Periodic GC: Disabled

Heap:
 garbage-first heap   total 57344K, used 3072K [0x00000000c8a00000, 0x0000000100000000)
  region size 1024K, 4 young (4096K), 0 survivors (0K)
 Metaspace       used 11075K, committed 11200K, reserved 1064960K
  class space    used 1102K, committed 1152K, reserved 1048576K

Heap Regions: E=young(eden), S=young(survivor), O=old, HS=humongous(starts), HC=humongous(continues), CS=collection set, F=free, OA=open archive, CA=closed archive, TAMS=top-at-mark-start (previous, next)
|   0|0x00000000c8a00000, 0x00000000c8a00000, 0x00000000c8b00000|  0%| F|  |TAMS 0x00000000c8a00000, 0x00000000c8a00000| Untracked 
|   1|0x00000000c8b00000, 0x00000000c8b00000, 0x00000000c8c00000|  0%| F|  |TAMS 0x00000000c8b00000, 0x00000000c8b00000| Untracked 
|   2|0x00000000c8c00000, 0x00000000c8c00000, 0x00000000c8d00000|  0%| F|  |TAMS 0x00000000c8c00000, 0x00000000c8c00000| Untracked 
|   3|0x00000000c8d00000, 0x00000000c8d00000, 0x00000000c8e00000|  0%| F|  |TAMS 0x00000000c8d00000, 0x00000000c8d00000| Untracked 
|   4|0x00000000c8e00000, 0x00000000c8e00000, 0x00000000c8f00000|  0%| F|  |TAMS 0x00000000c8e00000, 0x00000000c8e00000| Untracked 
|   5|0x00000000c8f00000, 0x00000000c8f00000, 0x00000000c9000000|  0%| F|  |TAMS 0x00000000c8f00000, 0x00000000c8f00000| Untracked 
|   6|0x00000000c9000000, 0x00000000c9000000, 0x00000000c9100000|  0%| F|  |TAMS 0x00000000c9000000, 0x00000000c9000000| Untracked 
|   7|0x00000000c9100000, 0x00000000c9100000, 0x00000000c9200000|  0%| F|  |TAMS 0x00000000c9100000, 0x00000000c9100000| Untracked 
|   8|0x00000000c9200000, 0x00000000c9200000, 0x00000000c9300000|  0%| F|  |TAMS 0x00000000c9200000, 0x00000000c9200000| Untracked 
|   9|0x00000000c9300000, 0x00000000c9300000, 0x00000000c9400000|  0%| F|  |TAMS 0x00000000c9300000, 0x00000000c9300000| Untracked 
|  10|0x00000000c9400000, 0x00000000c9400000, 0x00000000c9500000|  0%| F|  |TAMS 0x00000000c9400000, 0x00000000c9400000| Untracked 
|  11|0x00000000c9500000, 0x00000000c9500000, 0x00000000c9600000|  0%| F|  |TAMS 0x00000000c9500000, 0x00000000c9500000| Untracked 
|  12|0x00000000c9600000, 0x00000000c9600000, 0x00000000c9700000|  0%| F|  |TAMS 0x00000000c9600000, 0x00000000c9600000| Untracked 
|  13|0x00000000c9700000, 0x00000000c9700000, 0x00000000c9800000|  0%| F|  |TAMS 0x00000000c9700000, 0x00000000c9700000| Untracked 
|  14|0x00000000c9800000, 0x00000000c9800000, 0x00000000c9900000|  0%| F|  |TAMS 0x00000000c9800000, 0x00000000c9800000| Untracked 
|  15|0x00000000c9900000, 0x00000000c9900000, 0x00000000c9a00000|  0%| F|  |TAMS 0x00000000c9900000, 0x00000000c9900000| Untracked 
|  16|0x00000000c9a00000, 0x00000000c9a00000, 0x00000000c9b00000|  0%| F|  |TAMS 0x00000000c9a00000, 0x00000000c9a00000| Untracked 
|  17|0x00000000c9b00000, 0x00000000c9b00000, 0x00000000c9c00000|  0%| F|  |TAMS 0x00000000c9b00000, 0x00000000c9b00000| Untracked 
|  18|0x00000000c9c00000, 0x00000000c9c00000, 0x00000000c9d00000|  0%| F|  |TAMS 0x00000000c9c00000, 0x00000000c9c00000| Untracked 
|  19|0x00000000c9d00000, 0x00000000c9d00000, 0x00000000c9e00000|  0%| F|  |TAMS 0x00000000c9d00000, 0x00000000c9d00000| Untracked 
|  20|0x00000000c9e00000, 0x00000000c9e00000, 0x00000000c9f00000|  0%| F|  |TAMS 0x00000000c9e00000, 0x00000000c9e00000| Untracked 
|  21|0x00000000c9f00000, 0x00000000c9f00000, 0x00000000ca000000|  0%| F|  |TAMS 0x00000000c9f00000, 0x00000000c9f00000| Untracked 
|  22|0x00000000ca000000, 0x00000000ca000000, 0x00000000ca100000|  0%| F|  |TAMS 0x00000000ca000000, 0x00000000ca000000| Untracked 
|  23|0x00000000ca100000, 0x00000000ca100000, 0x00000000ca200000|  0%| F|  |TAMS 0x00000000ca100000, 0x00000000ca100000| Untracked 
|  24|0x00000000ca200000, 0x00000000ca200000, 0x00000000ca300000|  0%| F|  |TAMS 0x00000000ca200000, 0x00000000ca200000| Untracked 
|  25|0x00000000ca300000, 0x00000000ca300000, 0x00000000ca400000|  0%| F|  |TAMS 0x00000000ca300000, 0x00000000ca300000| Untracked 
|  26|0x00000000ca400000, 0x00000000ca400000, 0x00000000ca500000|  0%| F|  |TAMS 0x00000000ca400000, 0x00000000ca400000| Untracked 
|  27|0x00000000ca500000, 0x00000000ca500000, 0x00000000ca600000|  0%| F|  |TAMS 0x00000000ca500000, 0x00000000ca500000| Untracked 
|  28|0x00000000ca600000, 0x00000000ca600000, 0x00000000ca700000|  0%| F|  |TAMS 0x00000000ca600000, 0x00000000ca600000| Untracked 
|  29|0x00000000ca700000, 0x00000000ca700000, 0x00000000ca800000|  0%| F|  |TAMS 0x00000000ca700000, 0x00000000ca700000| Untracked 
|  30|0x00000000ca800000, 0x00000000ca800000, 0x00000000ca900000|  0%| F|  |TAMS 0x00000000ca800000, 0x00000000ca800000| Untracked 
|  31|0x00000000ca900000, 0x00000000ca900000, 0x00000000caa00000|  0%| F|  |TAMS 0x00000000ca900000, 0x00000000ca900000| Untracked 
|  32|0x00000000caa00000, 0x00000000caa00000, 0x00000000cab00000|  0%| F|  |TAMS 0x00000000caa00000, 0x00000000caa00000| Untracked 
|  33|0x00000000cab00000, 0x00000000cab00000, 0x00000000cac00000|  0%| F|  |TAMS 0x00000000cab00000, 0x00000000cab00000| Untracked 
|  34|0x00000000cac00000, 0x00000000cac00000, 0x00000000cad00000|  0%| F|  |TAMS 0x00000000cac00000, 0x00000000cac00000| Untracked 
|  35|0x00000000cad00000, 0x00000000cad00000, 0x00000000cae00000|  0%| F|  |TAMS 0x00000000cad00000, 0x00000000cad00000| Untracked 
|  36|0x00000000cae00000, 0x00000000cae00000, 0x00000000caf00000|  0%| F|  |TAMS 0x00000000cae00000, 0x00000000cae00000| Untracked 
|  37|0x00000000caf00000, 0x00000000caf00000, 0x00000000cb000000|  0%| F|  |TAMS 0x00000000caf00000, 0x00000000caf00000| Untracked 
|  38|0x00000000cb000000, 0x00000000cb000000, 0x00000000cb100000|  0%| F|  |TAMS 0x00000000cb000000, 0x00000000cb000000| Untracked 
|  39|0x00000000cb100000, 0x00000000cb100000, 0x00000000cb200000|  0%| F|  |TAMS 0x00000000cb100000, 0x00000000cb100000| Untracked 
|  40|0x00000000cb200000, 0x00000000cb200000, 0x00000000cb300000|  0%| F|  |TAMS 0x00000000cb200000, 0x00000000cb200000| Untracked 
|  41|0x00000000cb300000, 0x00000000cb300000, 0x00000000cb400000|  0%| F|  |TAMS 0x00000000cb300000, 0x00000000cb300000| Untracked 
|  42|0x00000000cb400000, 0x00000000cb400000, 0x00000000cb500000|  0%| F|  |TAMS 0x00000000cb400000, 0x00000000cb400000| Untracked 
|  43|0x00000000cb500000, 0x00000000cb500000, 0x00000000cb600000|  0%| F|  |TAMS 0x00000000cb500000, 0x00000000cb500000| Untracked 
|  44|0x00000000cb600000, 0x00000000cb600000, 0x00000000cb700000|  0%| F|  |TAMS 0x00000000cb600000, 0x00000000cb600000| Untracked 
|  45|0x00000000cb700000, 0x00000000cb700000, 0x00000000cb800000|  0%| F|  |TAMS 0x00000000cb700000, 0x00000000cb700000| Untracked 
|  46|0x00000000cb800000, 0x00000000cb800000, 0x00000000cb900000|  0%| F|  |TAMS 0x00000000cb800000, 0x00000000cb800000| Untracked 
|  47|0x00000000cb900000, 0x00000000cb900000, 0x00000000cba00000|  0%| F|  |TAMS 0x00000000cb900000, 0x00000000cb900000| Untracked 
|  48|0x00000000cba00000, 0x00000000cba00000, 0x00000000cbb00000|  0%| F|  |TAMS 0x00000000cba00000, 0x00000000cba00000| Untracked 
|  49|0x00000000cbb00000, 0x00000000cbb00000, 0x00000000cbc00000|  0%| F|  |TAMS 0x00000000cbb00000, 0x00000000cbb00000| Untracked 
|  50|0x00000000cbc00000, 0x00000000cbc00000, 0x00000000cbd00000|  0%| F|  |TAMS 0x00000000cbc00000, 0x00000000cbc00000| Untracked 
|  51|0x00000000cbd00000, 0x00000000cbd00000, 0x00000000cbe00000|  0%| F|  |TAMS 0x00000000cbd00000, 0x00000000cbd00000| Untracked 
|  52|0x00000000cbe00000, 0x00000000cbe9a240, 0x00000000cbf00000| 60%| E|  |TAMS 0x00000000cbe00000, 0x00000000cbe00000| Complete 
|  53|0x00000000cbf00000, 0x00000000cc000000, 0x00000000cc000000|100%| E|CS|TAMS 0x00000000cbf00000, 0x00000000cbf00000| Complete 
|  54|0x00000000cc000000, 0x00000000cc100000, 0x00000000cc100000|100%| E|CS|TAMS 0x00000000cc000000, 0x00000000cc000000| Complete 
|  55|0x00000000cc100000, 0x00000000cc200000, 0x00000000cc200000|100%| E|CS|TAMS 0x00000000cc100000, 0x00000000cc100000| Complete 

Card table byte_map: [0x0000000015130000,0x00000000152f0000] _byte_map_base: 0x0000000014aeb000

Marking Bits (Prev, Next): (CMBitMap*) 0x00000000003df100, (CMBitMap*) 0x00000000003df140
 Prev Bits: [0x00000000154b0000, 0x0000000016288000)
 Next Bits: [0x0000000016290000, 0x0000000017068000)

Polling page: 0x0000000000330000

Metaspace:

Usage:
  Non-class:      9.74 MB used.
      Class:      1.08 MB used.
       Both:     10.82 MB used.

Virtual space:
  Non-class space:       16.00 MB reserved,       9.81 MB ( 61%) committed,  2 nodes.
      Class space:        1.00 GB reserved,       1.13 MB ( <1%) committed,  1 nodes.
              Both:        1.02 GB reserved,      10.94 MB (  1%) committed. 

Chunk freelists:
   Non-Class:  2.11 MB
       Class:  2.75 MB
        Both:  4.86 MB

MaxMetaspaceSize: 17179869184.00 GB
CompressedClassSpaceSize: 1.00 GB
 - commit_granule_bytes: 65536.
 - commit_granule_words: 8192.
 - virtual_space_node_default_size: 1048576.
 - enlarge_chunks_in_place: 1.
 - new_chunks_are_fully_committed: 0.
 - uncommit_free_chunks: 1.
 - use_allocation_guard: 0.
 - handle_deallocations: 1.


Internal statistics:

num_allocs_failed_limit: 0.
num_arena_births: 90.
num_arena_deaths: 0.
num_vsnodes_births: 3.
num_vsnodes_deaths: 0.
num_space_committed: 175.
num_space_uncommitted: 0.
num_chunks_returned_to_freelist: 0.
num_chunks_taken_from_freelist: 132.
num_chunk_merges: 0.
num_chunk_splits: 70.
num_chunks_enlarged: 36.
num_purges: 0.

CodeHeap 'non-profiled nmethods': size=120064Kb used=130Kb max_used=130Kb free=119933Kb
 bounds [0x000000000d720000, 0x000000000d990000, 0x0000000014c60000]
CodeHeap 'profiled nmethods': size=120000Kb used=745Kb max_used=745Kb free=119254Kb
 bounds [0x00000000061f0000, 0x0000000006460000, 0x000000000d720000]
CodeHeap 'non-nmethods': size=5696Kb used=1169Kb max_used=1181Kb free=4526Kb
 bounds [0x0000000005c60000, 0x0000000005ed0000, 0x00000000061f0000]
 total_blobs=943 nmethods=483 adapters=374
 compilation: enabled
              stopped_count=0, restarted_count=0
 full_count=0

Compilation events (20 events):
Event: 0.860 Thread 0x0000000019c15300  474       3       javax.swing.UIDefaults::get (21 bytes)
Event: 0.860 Thread 0x0000000019c15300 nmethod 474 0x00000000062a5210 code [0x00000000062a53e0, 0x00000000062a55d8]
Event: 0.871 Thread 0x0000000019c15300  475       3       javax.swing.SwingUtilities::appContextGet (8 bytes)
Event: 0.871 Thread 0x0000000019c15300 nmethod 475 0x00000000062a5690 code [0x00000000062a5840, 0x00000000062a5998]
Event: 0.873 Thread 0x0000000019c15300  476   !   3       javax.swing.UIManager::getLAFState (61 bytes)
Event: 0.873 Thread 0x0000000019c15300 nmethod 476 0x00000000062a5a90 code [0x00000000062a5ce0, 0x00000000062a6408]
Event: 0.881 Thread 0x0000000019c15300  477       3       java.lang.reflect.Modifier::isFinal (13 bytes)
Event: 0.882 Thread 0x0000000019c15300 nmethod 477 0x00000000062a6790 code [0x00000000062a6920, 0x00000000062a6a78]
Event: 0.882 Thread 0x0000000019c15300  478       1       java.lang.Integer::intValue (5 bytes)
Event: 0.882 Thread 0x0000000019c15300 nmethod 478 0x000000000d740090 code [0x000000000d740220, 0x000000000d7402f8]
Event: 0.882 Thread 0x0000000019c15300  479       1       java.lang.reflect.Field::getModifiers (5 bytes)
Event: 0.882 Thread 0x0000000019c15300 nmethod 479 0x000000000d740390 code [0x000000000d740520, 0x000000000d7405f8]
Event: 0.883 Thread 0x0000000019c15300  480       3       java.awt.AWTKeyStroke::hashCode (36 bytes)
Event: 0.883 Thread 0x0000000019c15300 nmethod 480 0x00000000062a6b10 code [0x00000000062a6ca0, 0x00000000062a6e18]
Event: 0.883 Thread 0x0000000019c15300  481       3       java.util.StringTokenizer::scanToken (179 bytes)
Event: 0.886 Thread 0x0000000019c15300 nmethod 481 0x00000000062a6e90 code [0x00000000062a7200, 0x00000000062a8818]
Event: 0.886 Thread 0x0000000019c15300  482       3       java.util.StringTokenizer::skipDelimiters (116 bytes)
Event: 0.888 Thread 0x0000000019c15300 nmethod 482 0x00000000062a9010 code [0x00000000062a92c0, 0x00000000062a9fe8]
Event: 0.888 Thread 0x0000000019c15300  483       1       java.awt.Component::getObjectLock (5 bytes)
Event: 0.888 Thread 0x0000000019c15300 nmethod 483 0x000000000d740690 code [0x000000000d740820, 0x000000000d7408f8]

GC Heap History (0 events):
No events

Deoptimization events (0 events):
No events

Classes unloaded (0 events):
No events

Classes redefined (0 events):
No events

Internal exceptions (11 events):
Event: 0.224 Thread 0x00000000003a90a0 Exception <a 'java/lang/NoSuchMethodError'{0x00000000cc1ddf40}: 'void java.lang.invoke.DirectMethodHandle$Holder.invokeSpecial(java.lang.Object, java.lang.Object, java.lang.Object)'> (0x00000000cc1ddf40) 
thrown [t:\workspace\open\src\hotspot\share\interpreter\linkResolver.cpp, line 790]
Event: 0.274 Thread 0x00000000003a90a0 Exception <a 'java/lang/ClassNotFoundException'{0x00000000cc1fe568}: sun/awt/resources/spi/awtProvider> (0x00000000cc1fe568) 
thrown [t:\workspace\open\src\hotspot\share\classfile\systemDictionary.cpp, line 256]
Event: 0.337 Thread 0x00000000003a90a0 Exception <a 'java/io/FileNotFoundException'{0x00000000cc05a530}> (0x00000000cc05a530) 
thrown [t:\workspace\open\src\hotspot\share\prims\jni.cpp, line 579]
Event: 0.359 Thread 0x00000000003a90a0 Exception <a 'java/io/FileNotFoundException'{0x00000000cc089370}> (0x00000000cc089370) 
thrown [t:\workspace\open\src\hotspot\share\prims\jni.cpp, line 579]
Event: 0.360 Thread 0x00000000003a90a0 Exception <a 'java/lang/NoSuchMethodError'{0x00000000cc08a6d8}: 'java.lang.Object java.lang.invoke.DirectMethodHandle$Holder.invokeStatic(java.lang.Object)'> (0x00000000cc08a6d8) 
thrown [t:\workspace\open\src\hotspot\share\interpreter\linkResolver.cpp, line 790]
Event: 0.450 Thread 0x00000000003a90a0 Exception <a 'java/lang/NoSuchMethodError'{0x00000000cc0e7258}: 'java.lang.Object java.lang.invoke.DirectMethodHandle$Holder.invokeStaticInit(java.lang.Object)'> (0x00000000cc0e7258) 
thrown [t:\workspace\open\src\hotspot\share\interpreter\linkResolver.cpp, line 790]
Event: 0.711 Thread 0x00000000003a90a0 Exception <a 'java/lang/NoSuchMethodError'{0x00000000cbf63770}: 'java.lang.Object java.lang.invoke.DirectMethodHandle$Holder.newInvokeSpecial(java.lang.Object, java.lang.Object, java.lang.Object, java.lang.Object, java.lang.Object)'> (0x00000000cbf63770) 
thrown [t:\workspace\open\src\hotspot\share\interpreter\linkResolver.cpp, line 790]
Event: 0.715 Thread 0x00000000003a90a0 Exception <a 'java/lang/NoSuchMethodError'{0x00000000cbf6f258}: 'java.lang.Object java.lang.invoke.DirectMethodHandle$Holder.invokeStatic(java.lang.Object, int, java.lang.Object, java.lang.Object, java.lang.Object, java.lang.Object)'> (0x00000000cbf6f258) 
thrown [t:\workspace\open\src\hotspot\share\interpreter\linkResolver.cpp, line 790]
Event: 0.726 Thread 0x00000000003a90a0 Exception <a 'java/lang/NoSuchMethodError'{0x00000000cbf95890}: 'java.lang.Object java.lang.invoke.DirectMethodHandle$Holder.invokeStatic(java.lang.Object, int, java.lang.Object)'> (0x00000000cbf95890) 
thrown [t:\workspace\open\src\hotspot\share\interpreter\linkResolver.cpp, line 790]
Event: 0.794 Thread 0x00000000003a90a0 Exception <a 'java/lang/ClassNotFoundException'{0x00000000cbe4ec48}: com/sun/swing/internal/plaf/metal/resources/spi/metalProvider> (0x00000000cbe4ec48) 
thrown [t:\workspace\open\src\hotspot\share\classfile\systemDictionary.cpp, line 256]
Event: 0.797 Thread 0x00000000003a90a0 Exception <a 'java/lang/ClassNotFoundException'{0x00000000cbe52ce0}: com/sun/swing/internal/plaf/basic/resources/spi/basicProvider> (0x00000000cbe52ce0) 
thrown [t:\workspace\open\src\hotspot\share\classfile\systemDictionary.cpp, line 256]

Events (20 events):
Event: 0.887 loading class javax/swing/JScrollPane done
Event: 0.887 loading class javax/swing/ScrollPaneLayout$UIResource
Event: 0.887 loading class javax/swing/ScrollPaneLayout
Event: 0.888 loading class javax/swing/ScrollPaneLayout done
Event: 0.888 loading class javax/swing/ScrollPaneLayout$UIResource done
Event: 0.888 loading class javax/swing/JViewport
Event: 0.889 loading class javax/swing/JViewport done
Event: 0.890 loading class javax/swing/ViewportLayout
Event: 0.890 loading class javax/swing/ViewportLayout done
Event: 0.890 loading class javax/swing/plaf/basic/BasicViewportUI
Event: 0.890 loading class javax/swing/plaf/ViewportUI
Event: 0.890 loading class javax/swing/plaf/ViewportUI done
Event: 0.890 loading class javax/swing/plaf/basic/BasicViewportUI done
Event: 0.891 loading class javax/swing/JScrollPane$ScrollBar
Event: 0.891 loading class javax/swing/JScrollBar
Event: 0.891 loading class java/awt/Adjustable
Event: 0.891 loading class java/awt/Adjustable done
Event: 0.891 loading class javax/swing/JScrollBar done
Event: 0.891 loading class javax/swing/JScrollPane$ScrollBar done
Event: 1.826 Executing  VM operation: Cleanup


Dynamic libraries:
0x000000013fa10000 - 0x000000013fa1e000 	C:\Users\PC\.p2\pool\plugins\org.eclipse.justj.openjdk.hotspot.jre.full.win32.x86_64_16.0.2.v20210721-1149\jre\bin\javaw.exe
0x00000000774b0000 - 0x000000007764f000 	C:\Windows\SYSTEM32\ntdll.dll
0x000007fee4880000 - 0x000007fee4895000 	C:\Program Files\AVG\Antivirus\aswhook.dll
0x0000000077390000 - 0x00000000774af000 	C:\Windows\system32\kernel32.dll
0x000007fefd110000 - 0x000007fefd177000 	C:\Windows\system32\KERNELBASE.dll
0x000007fef2940000 - 0x000007fef2958000 	C:\Users\PC\.p2\pool\plugins\org.eclipse.justj.openjdk.hotspot.jre.full.win32.x86_64_16.0.2.v20210721-1149\jre\bin\jli.dll
0x000007fefb0b0000 - 0x000007fefb2a5000 	C:\Windows\WinSxS\amd64_microsoft.windows.common-controls_6595b64144ccf1df_6.0.7601.24483_none_e372d88f30fbb845\COMCTL32.dll
0x000007fefd6c0000 - 0x000007fefd75f000 	C:\Windows\system32\msvcrt.dll
0x000007feff0f0000 - 0x000007feff157000 	C:\Windows\system32\GDI32.dll
0x0000000077290000 - 0x000000007738a000 	C:\Windows\system32\USER32.dll
0x000007fefd5e0000 - 0x000007fefd5ee000 	C:\Windows\system32\LPK.dll
0x000007feff020000 - 0x000007feff0eb000 	C:\Windows\system32\USP10.dll
0x000007fefd560000 - 0x000007fefd5d1000 	C:\Windows\system32\SHLWAPI.dll
0x000007fef2b30000 - 0x000007fef2b49000 	C:\Users\PC\.p2\pool\plugins\org.eclipse.justj.openjdk.hotspot.jre.full.win32.x86_64_16.0.2.v20210721-1149\jre\bin\VCRUNTIME140.dll
0x000007fef2b00000 - 0x000007fef2b04000 	C:\Users\PC\.p2\pool\plugins\org.eclipse.justj.openjdk.hotspot.jre.full.win32.x86_64_16.0.2.v20210721-1149\jre\bin\api-ms-win-crt-runtime-l1-1-0.dll
0x000007fef1e20000 - 0x000007fef1f1a000 	C:\Users\PC\.p2\pool\plugins\org.eclipse.justj.openjdk.hotspot.jre.full.win32.x86_64_16.0.2.v20210721-1149\jre\bin\ucrtbase.DLL
0x000007fefb7a0000 - 0x000007fefb7a3000 	C:\Users\PC\.p2\pool\plugins\org.eclipse.justj.openjdk.hotspot.jre.full.win32.x86_64_16.0.2.v20210721-1149\jre\bin\api-ms-win-core-localization-l1-2-0.dll
0x000007fef28c0000 - 0x000007fef28c3000 	C:\Users\PC\.p2\pool\plugins\org.eclipse.justj.openjdk.hotspot.jre.full.win32.x86_64_16.0.2.v20210721-1149\jre\bin\api-ms-win-core-processthreads-l1-1-1.dll
0x000007fef28d0000 - 0x000007fef28d3000 	C:\Users\PC\.p2\pool\plugins\org.eclipse.justj.openjdk.hotspot.jre.full.win32.x86_64_16.0.2.v20210721-1149\jre\bin\api-ms-win-core-file-l1-2-0.dll
0x000007fef28a0000 - 0x000007fef28a3000 	C:\Users\PC\.p2\pool\plugins\org.eclipse.justj.openjdk.hotspot.jre.full.win32.x86_64_16.0.2.v20210721-1149\jre\bin\api-ms-win-core-timezone-l1-1-0.dll
0x000007fef28b0000 - 0x000007fef28b3000 	C:\Users\PC\.p2\pool\plugins\org.eclipse.justj.openjdk.hotspot.jre.full.win32.x86_64_16.0.2.v20210721-1149\jre\bin\api-ms-win-core-file-l2-1-0.dll
0x000007fef2880000 - 0x000007fef2883000 	C:\Users\PC\.p2\pool\plugins\org.eclipse.justj.openjdk.hotspot.jre.full.win32.x86_64_16.0.2.v20210721-1149\jre\bin\api-ms-win-core-synch-l1-2-0.dll
0x000007fef2890000 - 0x000007fef2893000 	C:\Users\PC\.p2\pool\plugins\org.eclipse.justj.openjdk.hotspot.jre.full.win32.x86_64_16.0.2.v20210721-1149\jre\bin\api-ms-win-crt-heap-l1-1-0.dll
0x000007fef2860000 - 0x000007fef2864000 	C:\Users\PC\.p2\pool\plugins\org.eclipse.justj.openjdk.hotspot.jre.full.win32.x86_64_16.0.2.v20210721-1149\jre\bin\api-ms-win-crt-string-l1-1-0.dll
0x000007fef2870000 - 0x000007fef2874000 	C:\Users\PC\.p2\pool\plugins\org.eclipse.justj.openjdk.hotspot.jre.full.win32.x86_64_16.0.2.v20210721-1149\jre\bin\api-ms-win-crt-stdio-l1-1-0.dll
0x000007fef2840000 - 0x000007fef2844000 	C:\Users\PC\.p2\pool\plugins\org.eclipse.justj.openjdk.hotspot.jre.full.win32.x86_64_16.0.2.v20210721-1149\jre\bin\api-ms-win-crt-convert-l1-1-0.dll
0x000007fef2850000 - 0x000007fef2853000 	C:\Users\PC\.p2\pool\plugins\org.eclipse.justj.openjdk.hotspot.jre.full.win32.x86_64_16.0.2.v20210721-1149\jre\bin\api-ms-win-crt-environment-l1-1-0.dll
0x000007fef24b0000 - 0x000007fef24b3000 	C:\Users\PC\.p2\pool\plugins\org.eclipse.justj.openjdk.hotspot.jre.full.win32.x86_64_16.0.2.v20210721-1149\jre\bin\api-ms-win-crt-filesystem-l1-1-0.dll
0x000007fef24c0000 - 0x000007fef24c5000 	C:\Users\PC\.p2\pool\plugins\org.eclipse.justj.openjdk.hotspot.jre.full.win32.x86_64_16.0.2.v20210721-1149\jre\bin\api-ms-win-crt-math-l1-1-0.dll
0x000007fef2490000 - 0x000007fef2493000 	C:\Users\PC\.p2\pool\plugins\org.eclipse.justj.openjdk.hotspot.jre.full.win32.x86_64_16.0.2.v20210721-1149\jre\bin\api-ms-win-crt-locale-l1-1-0.dll
0x000007fefda40000 - 0x000007fefda6e000 	C:\Windows\system32\IMM32.DLL
0x000007fefec50000 - 0x000007fefed5b000 	C:\Windows\system32\MSCTF.dll
0x000007fef24a0000 - 0x000007fef24ac000 	C:\Users\PC\.p2\pool\plugins\org.eclipse.justj.openjdk.hotspot.jre.full.win32.x86_64_16.0.2.v20210721-1149\jre\bin\vcruntime140_1.dll
0x000007fee88f0000 - 0x000007fee8981000 	C:\Users\PC\.p2\pool\plugins\org.eclipse.justj.openjdk.hotspot.jre.full.win32.x86_64_16.0.2.v20210721-1149\jre\bin\msvcp140.dll
0x000007fef2470000 - 0x000007fef2473000 	C:\Users\PC\.p2\pool\plugins\org.eclipse.justj.openjdk.hotspot.jre.full.win32.x86_64_16.0.2.v20210721-1149\jre\bin\api-ms-win-crt-time-l1-1-0.dll
0x000007fef2480000 - 0x000007fef2483000 	C:\Users\PC\.p2\pool\plugins\org.eclipse.justj.openjdk.hotspot.jre.full.win32.x86_64_16.0.2.v20210721-1149\jre\bin\api-ms-win-crt-utility-l1-1-0.dll
0x000007fed33d0000 - 0x000007fed3f7b000 	C:\Users\PC\.p2\pool\plugins\org.eclipse.justj.openjdk.hotspot.jre.full.win32.x86_64_16.0.2.v20210721-1149\jre\bin\server\jvm.dll
0x000007fefd760000 - 0x000007fefd83b000 	C:\Windows\system32\ADVAPI32.dll
0x000007fefde00000 - 0x000007fefde1f000 	C:\Windows\SYSTEM32\sechost.dll
0x000007feff670000 - 0x000007feff79c000 	C:\Windows\system32\RPCRT4.dll
0x000007fef9a00000 - 0x000007fef9a09000 	C:\Windows\system32\WSOCK32.dll
0x000007fefd5f0000 - 0x000007fefd63d000 	C:\Windows\system32\WS2_32.dll
0x000007fefd550000 - 0x000007fefd558000 	C:\Windows\system32\NSI.dll
0x000007fef73c0000 - 0x000007fef73fb000 	C:\Windows\system32\WINMM.dll
0x000007fefc0e0000 - 0x000007fefc0ec000 	C:\Windows\system32\VERSION.dll
0x0000000077650000 - 0x0000000077657000 	C:\Windows\system32\PSAPI.DLL
0x000007fefa6d0000 - 0x000007fefa6da000 	C:\Users\PC\.p2\pool\plugins\org.eclipse.justj.openjdk.hotspot.jre.full.win32.x86_64_16.0.2.v20210721-1149\jre\bin\jimage.dll
0x000007fefb2b0000 - 0x000007fefb3d5000 	C:\Windows\system32\DBGHELP.DLL
0x000007fef2bc0000 - 0x000007fef2be5000 	C:\Users\PC\.p2\pool\plugins\org.eclipse.justj.openjdk.hotspot.jre.full.win32.x86_64_16.0.2.v20210721-1149\jre\bin\java.dll
0x000007fef2b50000 - 0x000007fef2b68000 	C:\Users\PC\.p2\pool\plugins\org.eclipse.justj.openjdk.hotspot.jre.full.win32.x86_64_16.0.2.v20210721-1149\jre\bin\zip.dll
0x000007fefdec0000 - 0x000007fefec4b000 	C:\Windows\system32\SHELL32.dll
0x000007fefd840000 - 0x000007fefda3f000 	C:\Windows\system32\ole32.dll
0x000007fefd010000 - 0x000007fefd01f000 	C:\Windows\system32\profapi.dll
0x000007fee6e10000 - 0x000007fee6f8f000 	C:\Users\PC\.p2\pool\plugins\org.eclipse.justj.openjdk.hotspot.jre.full.win32.x86_64_16.0.2.v20210721-1149\jre\bin\awt.dll
0x000007fefed60000 - 0x000007fefee3b000 	C:\Windows\system32\OLEAUT32.dll
0x000007fefc070000 - 0x000007fefc088000 	C:\Windows\system32\DWMAPI.DLL
0x000007fee6ff0000 - 0x000007fee710d000 	C:\Windows\system32\opengl32.dll
0x000007fef2410000 - 0x000007fef243d000 	C:\Windows\system32\GLU32.dll
0x000007fee7420000 - 0x000007fee7511000 	C:\Windows\system32\DDRAW.dll
0x000007fefb7b0000 - 0x000007fefb7b8000 	C:\Windows\system32\DCIMAN32.dll
0x000007fefee40000 - 0x000007feff017000 	C:\Windows\system32\SETUPAPI.dll
0x000007fefd360000 - 0x000007fefd396000 	C:\Windows\system32\CFGMGR32.dll
0x000007fefd3a0000 - 0x000007fefd3ba000 	C:\Windows\system32\DEVOBJ.dll
0x000007fefb050000 - 0x000007fefb0a6000 	C:\Windows\system32\uxtheme.dll
0x000007fefce60000 - 0x000007fefce6f000 	C:\Windows\system32\CRYPTBASE.dll
0x000007fed8650000 - 0x000007fed884f000 	C:\Windows\system32\d3d9.dll
0x000007fee4990000 - 0x000007fee4997000 	C:\Windows\system32\d3d8thk.dll
0x000007fef7050000 - 0x000007fef71b4000 	C:\Windows\system32\aticfx64.dll
0x000007fef2320000 - 0x000007fef2341000 	C:\Windows\system32\atiu9p64.dll
0x000007fed2b70000 - 0x000007fed33c9000 	C:\Windows\system32\atiumd64.dll
0x000000005b020000 - 0x000000005b8a8000 	C:\Windows\system32\atiumd6a.dll
0x000007fefc090000 - 0x000007fefc0bc000 	C:\Windows\system32\POWRPROF.dll

dbghelp: loaded successfully - version: 4.0.5 - missing functions: none
symbol engine: initialized successfully - sym options: 0x614 - pdb path: .;C:\Users\PC\.p2\pool\plugins\org.eclipse.justj.openjdk.hotspot.jre.full.win32.x86_64_16.0.2.v20210721-1149\jre\bin;C:\Windows\SYSTEM32;C:\Program Files\AVG\Antivirus;C:\Windows\WinSxS\amd64_microsoft.windows.common-controls_6595b64144ccf1df_6.0.7601.24483_none_e372d88f30fbb845;C:\Users\PC\.p2\pool\plugins\org.eclipse.justj.openjdk.hotspot.jre.full.win32.x86_64_16.0.2.v20210721-1149\jre\bin\server

VM Arguments:
jvm_args: -Dfile.encoding=Cp1252 -XX:+ShowCodeDetailsInExceptionMessages 
java_command: VentaDeCelulares
java_class_path (initial): C:\Users\PC\eclipse-workspace\ProyectoParcial\bin
Launcher Type: SUN_STANDARD

[Global flags]
     intx CICompilerCount                          = 2                                         {product} {ergonomic}
     uint ConcGCThreads                            = 1                                         {product} {ergonomic}
     uint G1ConcRefinementThreads                  = 2                                         {product} {ergonomic}
   size_t G1HeapRegionSize                         = 1048576                                   {product} {ergonomic}
    uintx GCDrainStackTargetSize                   = 64                                        {product} {ergonomic}
   size_t InitialHeapSize                          = 58720256                                  {product} {ergonomic}
   size_t MarkStackSize                            = 4194304                                   {product} {ergonomic}
   size_t MaxHeapSize                              = 929038336                                 {product} {ergonomic}
   size_t MaxNewSize                               = 556793856                                 {product} {ergonomic}
   size_t MinHeapDeltaBytes                        = 1048576                                   {product} {ergonomic}
   size_t MinHeapSize                              = 8388608                                   {product} {ergonomic}
    uintx NonNMethodCodeHeapSize                   = 5826188                                {pd product} {ergonomic}
    uintx NonProfiledCodeHeapSize                  = 122916026                              {pd product} {ergonomic}
    uintx ProfiledCodeHeapSize                     = 122916026                              {pd product} {ergonomic}
    uintx ReservedCodeCacheSize                    = 251658240                              {pd product} {ergonomic}
     bool SegmentedCodeCache                       = true                                      {product} {ergonomic}
     bool ShowCodeDetailsInExceptionMessages       = true                                   {manageable} {command line}
   size_t SoftMaxHeapSize                          = 929038336                              {manageable} {ergonomic}
     bool UseCompressedClassPointers               = true                           {product lp64_product} {ergonomic}
     bool UseCompressedOops                        = true                           {product lp64_product} {ergonomic}
     bool UseG1GC                                  = true                                      {product} {ergonomic}
     bool UseLargePagesIndividualAllocation        = false                                  {pd product} {ergonomic}

Logging:
Log output configuration:
 #0: stdout all=warning uptime,level,tags
 #1: stderr all=off uptime,level,tags

Environment Variables:
PATH=C:/Users/PC/.p2/pool/plugins/org.eclipse.justj.openjdk.hotspot.jre.full.win32.x86_64_16.0.2.v20210721-1149/jre/bin/server;C:/Users/PC/.p2/pool/plugins/org.eclipse.justj.openjdk.hotspot.jre.full.win32.x86_64_16.0.2.v20210721-1149/jre/bin;C:\Program Files (x86)\Common Files\Oracle\Java\javapath;C:\ProgramData\Oracle\Java\javapath;C:\Windows\system32;C:\Windows;C:\Windows\System32\Wbem;C:\Windows\System32\WindowsPowerShell\v1.0\;;C:\Users\PC\AppData\Local\Programs\Microsoft VS Code\bin;C:\Users\PC\eclipse\java-2021-06\eclipse;
USERNAME=PC
OS=Windows_NT
PROCESSOR_IDENTIFIER=AMD64 Family 21 Model 19 Stepping 1, AuthenticAMD



---------------  S Y S T E M  ---------------

OS:
 Windows 7 , 64 bit Build 7601 (6.1.7601.24545)
OS uptime: 0 days 7:47 hours

CPU: total 2 (initial active 2) (2 cores per cpu, 1 threads per core) family 21 model 19 stepping 1 microcode 0x0, cx8, cmov, fxsr, mmx, 3dnowpref, sse, sse2, sse3, ssse3, sse4a, sse4.1, sse4.2, popcnt, lzcnt, tsc, tscinvbit, avx, aes, clmul, bmi1, fma, vzeroupper, clflush

Memory: 4k page, system-wide physical 3539M (218M free)
TotalPageFile size 14155M (AvailPageFile size 4M)
current process WorkingSet (physical memory assigned to process): 55M, peak: 55M
current process commit charge ("private bytes"): 154M, peak: 154M

vm_info: OpenJDK 64-Bit Server VM (16.0.2+7-67) for windows-amd64 JRE (16.0.2+7-67), built on Jun  8 2021 23:21:43 by "mach5one" with MS VC++ 16.7 (VS2019)

END.
