#   Increase physical memory or swap space
#   Check if swap backing store is full
#   Decrease Java heap size (-Xmx/-Xms)
#   Decrease number of Java threads
#   Decrease Java thread stack sizes (-Xss)
#   Set larger code cache with -XX:ReservedCodeCacheSize=
#   JVM is running with Unscaled Compressed Oops mode in which the Java heap is
#     placed in the first 4GB address space. The Java Heap base address is the
#     maximum limit for the native heap growth. Please use -XX:HeapBaseMinAddress
#     to set the Java Heap base and to place the Java Heap above 4GB virtual address.
# This output file may be truncated or incomplete.
#
#  Out of Memory Error (arena.cpp:79), pid=14028, tid=10100
#
# JRE version: OpenJDK Runtime Environment (16.0.2+7) (build 16.0.2+7-67)
# Java VM: OpenJDK 64-Bit Server VM (16.0.2+7-67, mixed mode, tiered, compressed oops, compressed class ptrs, g1 gc, windows-amd64)
# No core dump will be written. Minidumps are not enabled by default on client versions of Windows
#

---------------  S U M M A R Y ------------

Command Line: -Dfile.encoding=Cp1252 -XX:+ShowCodeDetailsInExceptionMessages VentaDeCelulares

Host: AMD A4-4000 APU with Radeon(tm) HD Graphics    , 2 cores, 3G,  Windows 7 , 64 bit Build 7601 (6.1.7601.24545)
Time: Thu Sep 30 19:22:16 2021 Hora estándar de Argentina elapsed time: 9.558759 seconds (0d 0h 0m 9s)

---------------  T H R E A D  ---------------

Current thread (0x0000000019a6fd30):  JavaThread "C1 CompilerThread0" daemon [_thread_in_native, id=10100, stack(0x000000001b380000,0x000000001b480000)]


Current CompileTask:
C1:   9558  904   !   3      
[error occurred during error reporting (printing current compile task), id 0xe0000001, Out of Memory Error (t:\workspace\open\src\hotspot\share\memory\arena.cpp:79)]

Stack: [0x000000001b380000,0x000000001b480000]
Native frames: (J=compiled Java code, j=interpreted, Vv=VM code, C=native code)
V  [jvm.dll+0x6681ca]